<?xml version="1.0" encoding="UTF-8"?>
<coverage generated="1722708319227" clover="3.2.0">
  <project timestamp="1722708319227" name="All files">
    <metrics statements="32" coveredstatements="32" conditionals="16" coveredconditionals="16" methods="5" coveredmethods="5" elements="53" coveredelements="53" complexity="0" loc="32" ncloc="32" packages="2" files="2" classes="2"/>
    <package name="src">
      <metrics statements="25" coveredstatements="25" conditionals="10" coveredconditionals="10" methods="4" coveredmethods="4"/>
      <file name="index.js" path="/home/aleksandr/second-project/src/index.js">
        <metrics statements="25" coveredstatements="25" conditionals="10" coveredconditionals="10" methods="4" coveredmethods="4"/>
        <line num="7" count="8" type="stmt"/>
        <line num="9" count="1" type="stmt"/>
        <line num="10" count="16" type="stmt"/>
        <line num="12" count="16" type="stmt"/>
        <line num="15" count="1" type="stmt"/>
        <line num="16" count="5" type="stmt"/>
        <line num="17" count="5" type="stmt"/>
        <line num="19" count="5" type="stmt"/>
        <line num="20" count="5" type="stmt"/>
        <line num="22" count="5" type="cond" truecount="4" falsecount="0"/>
        <line num="23" count="2" type="stmt"/>
        <line num="26" count="3" type="stmt"/>
        <line num="27" count="3" type="stmt"/>
        <line num="28" count="3" type="stmt"/>
        <line num="30" count="3" type="stmt"/>
        <line num="32" count="3" type="stmt"/>
        <line num="33" count="15" type="cond" truecount="2" falsecount="0"/>
        <line num="34" count="6" type="stmt"/>
        <line num="35" count="9" type="cond" truecount="2" falsecount="0"/>
        <line num="36" count="3" type="stmt"/>
        <line num="37" count="6" type="cond" truecount="2" falsecount="0"/>
        <line num="38" count="3" type="stmt"/>
        <line num="39" count="3" type="stmt"/>
        <line num="41" count="3" type="stmt"/>
        <line num="45" count="3" type="stmt"/>
      </file>
    </package>
    <package name="src.parses">
      <metrics statements="7" coveredstatements="7" conditionals="6" coveredconditionals="6" methods="1" coveredmethods="1"/>
      <file name="parse.js" path="/home/aleksandr/second-project/src/parses/parse.js">
        <metrics statements="7" coveredstatements="7" conditionals="6" coveredconditionals="6" methods="1" coveredmethods="1"/>
        <line num="5" count="1" type="stmt"/>
        <line num="6" count="10" type="stmt"/>
        <line num="8" count="10" type="cond" truecount="2" falsecount="0"/>
        <line num="9" count="2" type="stmt"/>
        <line num="11" count="8" type="cond" truecount="4" falsecount="0"/>
        <line num="12" count="4" type="stmt"/>
        <line num="15" count="4" type="stmt"/>
      </file>
    </package>
  </project>
</coverage>
