{"/home/aleksandr/second-project/src/index.js": {"path":"/home/aleksandr/second-project/src/index.js","statementMap":{"0":{"start":{"line":7,"column":17},"end":{"line":7,"column":64}},"1":{"start":{"line":7,"column":32},"end":{"line":7,"column":63}},"2":{"start":{"line":9,"column":16},"end":{"line":13,"column":1}},"3":{"start":{"line":10,"column":19},"end":{"line":10,"column":55}},"4":{"start":{"line":12,"column":2},"end":{"line":12,"column":28}},"5":{"start":{"line":15,"column":16},"end":{"line":42,"column":1}},"6":{"start":{"line":16,"column":16},"end":{"line":16,"column":30}},"7":{"start":{"line":17,"column":16},"end":{"line":17,"column":30}},"8":{"start":{"line":19,"column":21},"end":{"line":19,"column":33}},"9":{"start":{"line":20,"column":21},"end":{"line":20,"column":33}},"10":{"start":{"line":22,"column":16},"end":{"line":22,"column":39}},"11":{"start":{"line":23,"column":16},"end":{"line":23,"column":39}},"12":{"start":{"line":24,"column":15},"end":{"line":24,"column":46}},"13":{"start":{"line":26,"column":14},"end":{"line":26,"column":20}},"14":{"start":{"line":28,"column":2},"end":{"line":39,"column":5}},"15":{"start":{"line":29,"column":4},"end":{"line":38,"column":5}},"16":{"start":{"line":30,"column":6},"end":{"line":30,"column":56}},"17":{"start":{"line":31,"column":11},"end":{"line":38,"column":5}},"18":{"start":{"line":32,"column":6},"end":{"line":32,"column":56}},"19":{"start":{"line":33,"column":11},"end":{"line":38,"column":5}},"20":{"start":{"line":34,"column":6},"end":{"line":34,"column":56}},"21":{"start":{"line":35,"column":6},"end":{"line":35,"column":56}},"22":{"start":{"line":37,"column":6},"end":{"line":37,"column":56}},"23":{"start":{"line":41,"column":2},"end":{"line":41,"column":21}}},"fnMap":{"0":{"name":"(anonymous_0)","decl":{"start":{"line":7,"column":17},"end":{"line":7,"column":18}},"loc":{"start":{"line":7,"column":32},"end":{"line":7,"column":63}},"line":7},"1":{"name":"(anonymous_1)","decl":{"start":{"line":9,"column":16},"end":{"line":9,"column":17}},"loc":{"start":{"line":9,"column":26},"end":{"line":13,"column":1}},"line":9},"2":{"name":"(anonymous_2)","decl":{"start":{"line":15,"column":16},"end":{"line":15,"column":17}},"loc":{"start":{"line":15,"column":34},"end":{"line":42,"column":1}},"line":15},"3":{"name":"(anonymous_3)","decl":{"start":{"line":28,"column":15},"end":{"line":28,"column":16}},"loc":{"start":{"line":28,"column":24},"end":{"line":39,"column":3}},"line":28}},"branchMap":{"0":{"loc":{"start":{"line":29,"column":4},"end":{"line":38,"column":5}},"type":"if","locations":[{"start":{"line":29,"column":4},"end":{"line":38,"column":5}},{"start":{"line":31,"column":11},"end":{"line":38,"column":5}}],"line":29},"1":{"loc":{"start":{"line":31,"column":11},"end":{"line":38,"column":5}},"type":"if","locations":[{"start":{"line":31,"column":11},"end":{"line":38,"column":5}},{"start":{"line":33,"column":11},"end":{"line":38,"column":5}}],"line":31},"2":{"loc":{"start":{"line":33,"column":11},"end":{"line":38,"column":5}},"type":"if","locations":[{"start":{"line":33,"column":11},"end":{"line":38,"column":5}},{"start":{"line":36,"column":11},"end":{"line":38,"column":5}}],"line":33}},"s":{"0":1,"1":3,"2":1,"3":2,"4":2,"5":1,"6":1,"7":1,"8":1,"9":1,"10":1,"11":1,"12":1,"13":1,"14":1,"15":5,"16":2,"17":3,"18":1,"19":2,"20":1,"21":1,"22":1,"23":1},"f":{"0":3,"1":2,"2":1,"3":5},"b":{"0":[2,3],"1":[1,2],"2":[1,1]},"_coverageSchema":"1a1c01bbd47fc00a2c39e90264f33305004495a9","hash":"e4132c0b225454474020120cf9da34c8021ab9cd"}
,"/home/aleksandr/second-project/src/parse.js": {"path":"/home/aleksandr/second-project/src/parse.js","statementMap":{"0":{"start":{"line":1,"column":14},"end":{"line":1,"column":40}},"1":{"start":{"line":1,"column":24},"end":{"line":1,"column":40}}},"fnMap":{"0":{"name":"(anonymous_0)","decl":{"start":{"line":1,"column":14},"end":{"line":1,"column":15}},"loc":{"start":{"line":1,"column":24},"end":{"line":1,"column":40}},"line":1}},"branchMap":{},"s":{"0":1,"1":2},"f":{"0":2},"b":{},"_coverageSchema":"1a1c01bbd47fc00a2c39e90264f33305004495a9","hash":"41d7c8d4b40391b85f56dd52dc8d19815608ed9c"}
}
