{"/home/aleksandr/second-project/src/index.js": {"path":"/home/aleksandr/second-project/src/index.js","statementMap":{"0":{"start":{"line":7,"column":17},"end":{"line":7,"column":64}},"1":{"start":{"line":7,"column":32},"end":{"line":7,"column":63}},"2":{"start":{"line":9,"column":16},"end":{"line":13,"column":1}},"3":{"start":{"line":10,"column":19},"end":{"line":10,"column":55}},"4":{"start":{"line":12,"column":2},"end":{"line":12,"column":18}},"5":{"start":{"line":15,"column":16},"end":{"line":46,"column":1}},"6":{"start":{"line":16,"column":16},"end":{"line":16,"column":30}},"7":{"start":{"line":17,"column":16},"end":{"line":17,"column":30}},"8":{"start":{"line":19,"column":21},"end":{"line":19,"column":33}},"9":{"start":{"line":20,"column":21},"end":{"line":20,"column":33}},"10":{"start":{"line":22,"column":2},"end":{"line":24,"column":3}},"11":{"start":{"line":23,"column":4},"end":{"line":23,"column":13}},"12":{"start":{"line":26,"column":16},"end":{"line":26,"column":39}},"13":{"start":{"line":27,"column":16},"end":{"line":27,"column":39}},"14":{"start":{"line":28,"column":15},"end":{"line":28,"column":46}},"15":{"start":{"line":30,"column":14},"end":{"line":30,"column":20}},"16":{"start":{"line":32,"column":2},"end":{"line":43,"column":5}},"17":{"start":{"line":33,"column":4},"end":{"line":42,"column":5}},"18":{"start":{"line":34,"column":6},"end":{"line":34,"column":56}},"19":{"start":{"line":35,"column":11},"end":{"line":42,"column":5}},"20":{"start":{"line":36,"column":6},"end":{"line":36,"column":56}},"21":{"start":{"line":37,"column":11},"end":{"line":42,"column":5}},"22":{"start":{"line":38,"column":6},"end":{"line":38,"column":56}},"23":{"start":{"line":39,"column":6},"end":{"line":39,"column":56}},"24":{"start":{"line":41,"column":6},"end":{"line":41,"column":56}},"25":{"start":{"line":45,"column":2},"end":{"line":45,"column":21}}},"fnMap":{"0":{"name":"(anonymous_0)","decl":{"start":{"line":7,"column":17},"end":{"line":7,"column":18}},"loc":{"start":{"line":7,"column":32},"end":{"line":7,"column":63}},"line":7},"1":{"name":"(anonymous_1)","decl":{"start":{"line":9,"column":16},"end":{"line":9,"column":17}},"loc":{"start":{"line":9,"column":26},"end":{"line":13,"column":1}},"line":9},"2":{"name":"(anonymous_2)","decl":{"start":{"line":15,"column":16},"end":{"line":15,"column":17}},"loc":{"start":{"line":15,"column":34},"end":{"line":46,"column":1}},"line":15},"3":{"name":"(anonymous_3)","decl":{"start":{"line":32,"column":15},"end":{"line":32,"column":16}},"loc":{"start":{"line":32,"column":24},"end":{"line":43,"column":3}},"line":32}},"branchMap":{"0":{"loc":{"start":{"line":22,"column":2},"end":{"line":24,"column":3}},"type":"if","locations":[{"start":{"line":22,"column":2},"end":{"line":24,"column":3}},{"start":{},"end":{}}],"line":22},"1":{"loc":{"start":{"line":22,"column":5},"end":{"line":22,"column":43}},"type":"binary-expr","locations":[{"start":{"line":22,"column":5},"end":{"line":22,"column":22}},{"start":{"line":22,"column":26},"end":{"line":22,"column":43}}],"line":22},"2":{"loc":{"start":{"line":33,"column":4},"end":{"line":42,"column":5}},"type":"if","locations":[{"start":{"line":33,"column":4},"end":{"line":42,"column":5}},{"start":{"line":35,"column":11},"end":{"line":42,"column":5}}],"line":33},"3":{"loc":{"start":{"line":35,"column":11},"end":{"line":42,"column":5}},"type":"if","locations":[{"start":{"line":35,"column":11},"end":{"line":42,"column":5}},{"start":{"line":37,"column":11},"end":{"line":42,"column":5}}],"line":35},"4":{"loc":{"start":{"line":37,"column":11},"end":{"line":42,"column":5}},"type":"if","locations":[{"start":{"line":37,"column":11},"end":{"line":42,"column":5}},{"start":{"line":40,"column":11},"end":{"line":42,"column":5}}],"line":37}},"s":{"0":1,"1":8,"2":1,"3":16,"4":16,"5":1,"6":5,"7":5,"8":5,"9":5,"10":5,"11":2,"12":3,"13":3,"14":3,"15":3,"16":3,"17":15,"18":6,"19":9,"20":3,"21":6,"22":3,"23":3,"24":3,"25":3},"f":{"0":8,"1":16,"2":5,"3":15},"b":{"0":[2,3],"1":[5,3],"2":[6,9],"3":[3,6],"4":[3,3]},"_coverageSchema":"1a1c01bbd47fc00a2c39e90264f33305004495a9","hash":"cf285c85a94caa0e019b5194b1f20196403ab072"}
,"/home/aleksandr/second-project/src/parses/parse.js": {"path":"/home/aleksandr/second-project/src/parses/parse.js","statementMap":{"0":{"start":{"line":5,"column":14},"end":{"line":16,"column":1}},"1":{"start":{"line":6,"column":17},"end":{"line":6,"column":30}},"2":{"start":{"line":8,"column":2},"end":{"line":13,"column":3}},"3":{"start":{"line":9,"column":4},"end":{"line":9,"column":47}},"4":{"start":{"line":11,"column":7},"end":{"line":13,"column":3}},"5":{"start":{"line":12,"column":4},"end":{"line":12,"column":48}},"6":{"start":{"line":15,"column":2},"end":{"line":15,"column":12}}},"fnMap":{"0":{"name":"(anonymous_0)","decl":{"start":{"line":5,"column":14},"end":{"line":5,"column":15}},"loc":{"start":{"line":5,"column":24},"end":{"line":16,"column":1}},"line":5}},"branchMap":{"0":{"loc":{"start":{"line":8,"column":2},"end":{"line":13,"column":3}},"type":"if","locations":[{"start":{"line":8,"column":2},"end":{"line":13,"column":3}},{"start":{"line":11,"column":7},"end":{"line":13,"column":3}}],"line":8},"1":{"loc":{"start":{"line":11,"column":7},"end":{"line":13,"column":3}},"type":"if","locations":[{"start":{"line":11,"column":7},"end":{"line":13,"column":3}},{"start":{},"end":{}}],"line":11},"2":{"loc":{"start":{"line":11,"column":11},"end":{"line":11,"column":50}},"type":"binary-expr","locations":[{"start":{"line":11,"column":11},"end":{"line":11,"column":29}},{"start":{"line":11,"column":33},"end":{"line":11,"column":50}}],"line":11}},"s":{"0":1,"1":10,"2":10,"3":2,"4":8,"5":4,"6":4},"f":{"0":10},"b":{"0":[2,8],"1":[4,4],"2":[8,6]},"_coverageSchema":"1a1c01bbd47fc00a2c39e90264f33305004495a9","hash":"6d8142fc893fb6b4a61c268d3a25c99ef5dbb56f"}
}
