TN:
SF:src/index.js
FN:7,(anonymous_0)
FN:9,(anonymous_1)
FN:15,(anonymous_2)
FN:28,(anonymous_3)
FNF:4
FNH:4
FNDA:3,(anonymous_0)
FNDA:2,(anonymous_1)
FNDA:1,(anonymous_2)
FNDA:5,(anonymous_3)
DA:7,3
DA:9,1
DA:10,2
DA:12,2
DA:15,1
DA:16,1
DA:17,1
DA:19,1
DA:20,1
DA:22,1
DA:23,1
DA:24,1
DA:26,1
DA:28,1
DA:29,5
DA:30,2
DA:31,3
DA:32,1
DA:33,2
DA:34,1
DA:35,1
DA:37,1
DA:41,1
LF:23
LH:23
BRDA:29,0,0,2
BRDA:29,0,1,3
BRDA:31,1,0,1
BRDA:31,1,1,2
BRDA:33,2,0,1
BRDA:33,2,1,1
BRF:6
BRH:6
end_of_record
TN:
SF:src/parse.js
FN:1,(anonymous_0)
FNF:1
FNH:1
FNDA:2,(anonymous_0)
DA:1,2
LF:1
LH:1
BRF:0
BRH:0
end_of_record
