TN:
SF:src/index.js
FN:7,(anonymous_0)
FN:9,(anonymous_1)
FN:15,(anonymous_2)
FN:32,(anonymous_3)
FNF:4
FNH:4
FNDA:8,(anonymous_0)
FNDA:16,(anonymous_1)
FNDA:5,(anonymous_2)
FNDA:15,(anonymous_3)
DA:7,8
DA:9,1
DA:10,16
DA:12,16
DA:15,1
DA:16,5
DA:17,5
DA:19,5
DA:20,5
DA:22,5
DA:23,2
DA:26,3
DA:27,3
DA:28,3
DA:30,3
DA:32,3
DA:33,15
DA:34,6
DA:35,9
DA:36,3
DA:37,6
DA:38,3
DA:39,3
DA:41,3
DA:45,3
LF:25
LH:25
BRDA:22,0,0,2
BRDA:22,0,1,3
BRDA:22,1,0,5
BRDA:22,1,1,3
BRDA:33,2,0,6
BRDA:33,2,1,9
BRDA:35,3,0,3
BRDA:35,3,1,6
BRDA:37,4,0,3
BRDA:37,4,1,3
BRF:10
BRH:10
end_of_record
TN:
SF:src/parses/parse.js
FN:5,(anonymous_0)
FNF:1
FNH:1
FNDA:10,(anonymous_0)
DA:5,1
DA:6,10
DA:8,10
DA:9,2
DA:11,8
DA:12,4
DA:15,4
LF:7
LH:7
BRDA:8,0,0,2
BRDA:8,0,1,8
BRDA:11,1,0,4
BRDA:11,1,1,4
BRDA:11,2,0,8
BRDA:11,2,1,6
BRF:6
BRH:6
end_of_record
